<?xml version="1.0" encoding="UTF-8"?>
<!-- Generated by org.testng.reporters.JUnitReportReporter -->
<testsuite hostname="Kundan" failures="0" tests="1" name="section18.OnlineShoppingApplication" time="3.776" errors="0" timestamp="20 Oct 2024 07:07:41 GMT" skipped="0">
  <testcase classname="section18.OnlineShoppingApplication" name="addProductToCart" time="3.776"/>
</testsuite> <!-- section18.OnlineShoppingApplication -->
