<?xml version="1.0" encoding="UTF-8"?>
<!-- Generated by org.testng.reporters.JUnitReportReporter -->
<testsuite hostname="Kundan" failures="0" tests="1" name="section18.OnlineShoppingApplication" time="4.748" errors="0" timestamp="19 Oct 2024 16:53:23 GMT" skipped="0">
  <testcase classname="section18.OnlineShoppingApplication" name="addProductToCart" time="4.748"/>
</testsuite> <!-- section18.OnlineShoppingApplication -->
